<?xml version="1.0" encoding="UTF-8"?>
<!-- Generated by org.testng.reporters.JUnitReportReporter -->
<testsuite hostname="fffaddcdd43273ddccabcceedbdcone-0" failures="0" tests="1" name="runner.Testcase1" time="10.157" errors="0" timestamp="2023-12-29T12:40:43 UTC" skipped="0">
  <testcase classname="runner.Testcase1" name="TC_001" time="10.157"/>
</testsuite> <!-- runner.Testcase1 -->
