<?xml version="1.0" encoding="UTF-8"?>
<!-- Generated by org.testng.reporters.JUnitReportReporter -->
<testsuite hostname="seleniuminstance2-0" failures="0" tests="1" name="runner.Testcase3" time="16.137" errors="0" timestamp="2023-09-25T13:53:33 UTC" skipped="0">
  <testcase classname="runner.Testcase3" name="TC_003" time="16.137"/>
</testsuite> <!-- runner.Testcase3 -->
