<?xml version="1.0" encoding="UTF-8"?>
<!-- Generated by org.testng.reporters.JUnitReportReporter -->
<testsuite hostname="fffaddcdd43273ddccabcceedbdcone-0" failures="0" tests="1" name="runner.Testcase2" time="15.258" errors="0" timestamp="2023-12-29T12:40:43 UTC" skipped="0">
  <testcase classname="runner.Testcase2" name="TC_002" time="15.258"/>
</testsuite> <!-- runner.Testcase2 -->
